<?xml version="1.0" encoding="UTF-8"?>
<!-- Generated by org.testng.reporters.JUnitXMLReporter -->
<testsuite ignored="0" hostname="RAJA" failures="0" tests="4" name="Test" time="0.053" errors="0" timestamp="2022-10-31T11:38:29 IST">
  <testcase classname="TestNG.Annotations" name="annotations" time="0.006"/>
  <testcase classname="TestNG.Annotations" name="browser" time="0.0"/>
  <testcase classname="TestNG.Annotations" name="close" time="0.0"/>
  <testcase classname="TestNG.BeforeMethod_Aftermethod" name="Annotation" time="0.001"/>
</testsuite> <!-- Test -->
