<?xml version="1.0" encoding="UTF-8"?>
<testng-results ignored="0" total="2" passed="2" failed="0" skipped="0">
  <reporter-output>
  </reporter-output>
  <suite started-at="2022-10-31T11:39:25 IST" name="Suite" finished-at="2022-10-31T11:39:41 IST" duration-ms="15998">
    <groups>
    </groups>
    <test started-at="2022-10-31T11:39:25 IST" name="Crosstest1" finished-at="2022-10-31T11:39:33 IST" duration-ms="7477">
      <class name="TestNG.TestcaseforCrossbrowser">
        <test-method signature="testcaseforCrossbrowser(java.lang.String)[pri:0, instance:TestNG.TestcaseforCrossbrowser@156b88f5]" started-at="2022-10-31T11:39:25 IST" name="testcaseforCrossbrowser" finished-at="2022-10-31T11:39:33 IST" duration-ms="7430" status="PASS">
          <params>
            <param index="0">
              <value>
                <![CDATA[Chrome]]>
              </value>
            </param>
          </params>
          <reporter-output>
          </reporter-output>
        </test-method> <!-- testcaseforCrossbrowser -->
      </class> <!-- TestNG.TestcaseforCrossbrowser -->
    </test> <!-- Crosstest1 -->
    <test started-at="2022-10-31T11:39:33 IST" name="Crosstest2" finished-at="2022-10-31T11:39:41 IST" duration-ms="8501">
      <class name="TestNG.TestcaseforCrossbrowser">
        <test-method signature="testcaseforCrossbrowser(java.lang.String)[pri:0, instance:TestNG.TestcaseforCrossbrowser@2c1b194a]" started-at="2022-10-31T11:39:33 IST" name="testcaseforCrossbrowser" finished-at="2022-10-31T11:39:41 IST" duration-ms="8499" status="PASS">
          <params>
            <param index="0">
              <value>
                <![CDATA[Edge]]>
              </value>
            </param>
          </params>
          <reporter-output>
          </reporter-output>
        </test-method> <!-- testcaseforCrossbrowser -->
      </class> <!-- TestNG.TestcaseforCrossbrowser -->
    </test> <!-- Crosstest2 -->
  </suite> <!-- Suite -->
</testng-results>
